<?xml version="1.0" encoding="UTF-8"?>
<!-- Generated by org.testng.reporters.JUnitXMLReporter -->
<testsuite ignored="0" hostname="Maddys-MacBook-Air.local" failures="0" tests="1" name="firefoxtest" time="7.812" errors="0" timestamp="2025-07-01T21:19:26 IST">
  <testcase classname="testBase.BaseClass" name="@BeforeClass setup" time="0.179">
    <failure type="org.openqa.selenium.WebDriverException" message="You appear to be running mac. The IE driver only runs on Windows.
Build info: version: &amp;apos;4.33.0&amp;apos;, revision: &amp;apos;2c6aaad03a&amp;apos;
System info: os.name: &amp;apos;Mac OS X&amp;apos;, os.arch: &amp;apos;aarch64&amp;apos;, os.version: &amp;apos;15.5&amp;apos;, java.version: &amp;apos;21.0.1&amp;apos;
Driver info: driver.version: InternetExplorerDriver">
      <![CDATA[org.openqa.selenium.WebDriverException: You appear to be running mac. The IE driver only runs on Windows.
Build info: version: '4.33.0', revision: '2c6aaad03a'
System info: os.name: 'Mac OS X', os.arch: 'aarch64', os.version: '15.5', java.version: '21.0.1'
Driver info: driver.version: InternetExplorerDriver
at org.openqa.selenium.ie.InternetExplorerDriver.assertOnWindows(InternetExplorerDriver.java:153)
at org.openqa.selenium.ie.InternetExplorerDriver.run(InternetExplorerDriver.java:135)
at org.openqa.selenium.ie.InternetExplorerDriver.<init>(InternetExplorerDriver.java:125)
at org.openqa.selenium.ie.InternetExplorerDriver.<init>(InternetExplorerDriver.java:81)
at testBase.BaseClass.setup(BaseClass.java:35)
at java.base/java.util.ArrayList.forEach(ArrayList.java:1596)
at java.base/java.util.concurrent.FutureTask.run(FutureTask.java:317)
at java.base/java.util.concurrent.ThreadPoolExecutor.runWorker(ThreadPoolExecutor.java:1144)
at java.base/java.util.concurrent.ThreadPoolExecutor$Worker.run(ThreadPoolExecutor.java:642)
at java.base/java.lang.Thread.run(Thread.java:1583)
... Removed 13 stack frames]]>
    </failure>
  </testcase> <!-- @BeforeClass setup -->
  <testcase classname="testBase.BaseClass" name="@AfterMethod tearDown" time="0.0">
    <skipped/>
  </testcase> <!-- @AfterMethod tearDown -->
  <testcase classname="testBase.BaseClass" name="@AfterClass tearDown" time="0.0">
    <skipped/>
  </testcase> <!-- @AfterClass tearDown -->
  <testcase classname="testCases.TC001_AccountRegistrationTest" name="verify_account_registration" time="1.967"/>
</testsuite> <!-- firefoxtest -->
